[32mINFO[0m:     [14-10-2024 18:24:42] Set chroma_server_nofile to 65535
[32mINFO[0m:     [14-10-2024 18:24:43] Anonymized telemetry enabled. See                     https://docs.trychroma.com/telemetry for more information.
[36mDEBUG[0m:    [14-10-2024 18:24:43] Starting component System
[36mDEBUG[0m:    [14-10-2024 18:24:43] Starting component OpenTelemetryClient
[36mDEBUG[0m:    [14-10-2024 18:24:43] Starting component SqliteDB
[36mDEBUG[0m:    [14-10-2024 18:24:43] Starting component QuotaEnforcer
[36mDEBUG[0m:    [14-10-2024 18:24:43] Starting component Posthog
[36mDEBUG[0m:    [14-10-2024 18:24:43] Starting component SimpleRateLimitEnforcer
[36mDEBUG[0m:    [14-10-2024 18:24:43] Starting component LocalSegmentManager
[36mDEBUG[0m:    [14-10-2024 18:24:43] Starting component SegmentAPI
[32mINFO[0m:     [14-10-2024 18:24:43] Started server process [[36m11741[0m]
[32mINFO[0m:     [14-10-2024 18:24:43] Waiting for application startup.
[32mINFO[0m:     [14-10-2024 18:24:43] Application startup complete.
[32mINFO[0m:     [14-10-2024 18:24:43] Uvicorn running on [1mhttp://localhost:8000[0m (Press CTRL+C to quit)
[32mINFO[0m:     [14-10-2024 18:25:04] ::1:58032 - "GET /api/v1/tenants/default_tenant HTTP/1.1" 200
[32mINFO[0m:     [14-10-2024 18:25:04] ::1:58033 - "GET /api/v1/databases/default_database?tenant=default_tenant HTTP/1.1" 200
[32mINFO[0m:     [14-10-2024 18:25:04] ::1:58032 - "POST /api/v1/collections?tenant=default_tenant&database=default_database HTTP/1.1" 200
[36mDEBUG[0m:    [14-10-2024 18:25:04] Starting component PersistentLocalHnswSegment
[32mINFO[0m:     [14-10-2024 18:25:04] ::1:58033 - "POST /api/v1/collections/ec9fd0bb-8f42-4d63-8a50-8685df9d0653/upsert HTTP/1.1" 200
[32mINFO[0m:     [14-10-2024 18:25:59] ::1:58057 - "GET /api/v1/tenants/default_tenant HTTP/1.1" 200
[32mINFO[0m:     [14-10-2024 18:25:59] ::1:58058 - "GET /api/v1/databases/default_database?tenant=default_tenant HTTP/1.1" 200
[36mDEBUG[0m:    [14-10-2024 18:25:59] Collection customer-support already exists, returning existing collection.
[32mINFO[0m:     [14-10-2024 18:25:59] ::1:58057 - "POST /api/v1/collections?tenant=default_tenant&database=default_database HTTP/1.1" 200
[32mINFO[0m:     [14-10-2024 18:25:59] ::1:58058 - "POST /api/v1/collections/ec9fd0bb-8f42-4d63-8a50-8685df9d0653/upsert HTTP/1.1" 200
[32mINFO[0m:     [14-10-2024 18:27:08] ::1:58101 - "GET /api/v1/tenants/default_tenant HTTP/1.1" 200
[32mINFO[0m:     [14-10-2024 18:27:08] ::1:58102 - "GET /api/v1/databases/default_database?tenant=default_tenant HTTP/1.1" 200
[36mDEBUG[0m:    [14-10-2024 18:27:08] Collection customer-support already exists, returning existing collection.
[32mINFO[0m:     [14-10-2024 18:27:08] ::1:58101 - "POST /api/v1/collections?tenant=default_tenant&database=default_database HTTP/1.1" 200
[32mINFO[0m:     [14-10-2024 18:27:08] ::1:58102 - "POST /api/v1/collections/ec9fd0bb-8f42-4d63-8a50-8685df9d0653/upsert HTTP/1.1" 200
[32mINFO[0m:     [14-10-2024 18:27:24] ::1:58118 - "POST /api/v1/collections/ec9fd0bb-8f42-4d63-8a50-8685df9d0653/query HTTP/1.1" 200
[32mINFO[0m:     [14-10-2024 18:27:53] ::1:58142 - "POST /api/v1/collections/ec9fd0bb-8f42-4d63-8a50-8685df9d0653/query HTTP/1.1" 200
[32mINFO[0m:     [14-10-2024 18:28:13] ::1:58156 - "POST /api/v1/collections/ec9fd0bb-8f42-4d63-8a50-8685df9d0653/query HTTP/1.1" 200
[32mINFO[0m:     [14-10-2024 18:28:31] ::1:58180 - "POST /api/v1/collections/ec9fd0bb-8f42-4d63-8a50-8685df9d0653/query HTTP/1.1" 200
[32mINFO[0m:     [14-10-2024 18:29:05] ::1:58202 - "POST /api/v1/collections/ec9fd0bb-8f42-4d63-8a50-8685df9d0653/query HTTP/1.1" 200
[32mINFO[0m:     [14-10-2024 18:29:23] ::1:58216 - "POST /api/v1/collections/ec9fd0bb-8f42-4d63-8a50-8685df9d0653/query HTTP/1.1" 200
[32mINFO[0m:     [14-10-2024 18:29:33] ::1:58229 - "POST /api/v1/collections/ec9fd0bb-8f42-4d63-8a50-8685df9d0653/query HTTP/1.1" 200
[32mINFO[0m:     [14-10-2024 18:29:46] ::1:58237 - "POST /api/v1/collections/ec9fd0bb-8f42-4d63-8a50-8685df9d0653/query HTTP/1.1" 200
[32mINFO[0m:     [14-10-2024 18:30:28] ::1:58264 - "GET /api/v1/tenants/default_tenant HTTP/1.1" 200
[32mINFO[0m:     [14-10-2024 18:30:28] ::1:58265 - "GET /api/v1/databases/default_database?tenant=default_tenant HTTP/1.1" 200
[36mDEBUG[0m:    [14-10-2024 18:30:28] Collection customer-support already exists, returning existing collection.
[32mINFO[0m:     [14-10-2024 18:30:28] ::1:58264 - "POST /api/v1/collections?tenant=default_tenant&database=default_database HTTP/1.1" 200
[32mINFO[0m:     [14-10-2024 18:30:28] ::1:58265 - "POST /api/v1/collections/ec9fd0bb-8f42-4d63-8a50-8685df9d0653/upsert HTTP/1.1" 200
[32mINFO[0m:     [14-10-2024 18:30:41] ::1:58273 - "POST /api/v1/collections/ec9fd0bb-8f42-4d63-8a50-8685df9d0653/query HTTP/1.1" 200
[32mINFO[0m:     [14-10-2024 18:30:59] ::1:58285 - "POST /api/v1/collections/ec9fd0bb-8f42-4d63-8a50-8685df9d0653/query HTTP/1.1" 200
[32mINFO[0m:     [14-10-2024 18:31:22] ::1:58304 - "POST /api/v1/collections/ec9fd0bb-8f42-4d63-8a50-8685df9d0653/query HTTP/1.1" 200
[32mINFO[0m:     [14-10-2024 18:31:40] ::1:58321 - "POST /api/v1/collections/ec9fd0bb-8f42-4d63-8a50-8685df9d0653/query HTTP/1.1" 200
[32mINFO[0m:     [14-10-2024 18:35:19] ::1:58465 - "GET /api/v1/tenants/default_tenant HTTP/1.1" 200
[32mINFO[0m:     [14-10-2024 18:35:19] ::1:58466 - "GET /api/v1/databases/default_database?tenant=default_tenant HTTP/1.1" 200
[36mDEBUG[0m:    [14-10-2024 18:35:19] Collection customer-support already exists, returning existing collection.
[32mINFO[0m:     [14-10-2024 18:35:19] ::1:58465 - "POST /api/v1/collections?tenant=default_tenant&database=default_database HTTP/1.1" 200
[32mINFO[0m:     [14-10-2024 18:35:19] ::1:58466 - "POST /api/v1/collections/ec9fd0bb-8f42-4d63-8a50-8685df9d0653/upsert HTTP/1.1" 200
[32mINFO[0m:     [14-10-2024 18:35:29] ::1:58475 - "POST /api/v1/collections/ec9fd0bb-8f42-4d63-8a50-8685df9d0653/query HTTP/1.1" 200
[32mINFO[0m:     [14-10-2024 18:35:51] ::1:58490 - "POST /api/v1/collections/ec9fd0bb-8f42-4d63-8a50-8685df9d0653/query HTTP/1.1" 200
[32mINFO[0m:     [14-10-2024 18:36:00] ::1:58501 - "POST /api/v1/collections/ec9fd0bb-8f42-4d63-8a50-8685df9d0653/query HTTP/1.1" 200
[32mINFO[0m:     [14-10-2024 18:36:07] ::1:58507 - "POST /api/v1/collections/ec9fd0bb-8f42-4d63-8a50-8685df9d0653/query HTTP/1.1" 200
[32mINFO[0m:     [14-10-2024 18:36:20] ::1:58525 - "POST /api/v1/collections/ec9fd0bb-8f42-4d63-8a50-8685df9d0653/query HTTP/1.1" 200
[32mINFO[0m:     [14-10-2024 18:39:04] ::1:58608 - "GET /api/v1/tenants/default_tenant HTTP/1.1" 200
[32mINFO[0m:     [14-10-2024 18:39:04] ::1:58609 - "GET /api/v1/databases/default_database?tenant=default_tenant HTTP/1.1" 200
[36mDEBUG[0m:    [14-10-2024 18:39:04] Collection customer-support already exists, returning existing collection.
[32mINFO[0m:     [14-10-2024 18:39:04] ::1:58608 - "POST /api/v1/collections?tenant=default_tenant&database=default_database HTTP/1.1" 200
[32mINFO[0m:     [14-10-2024 18:39:04] ::1:58609 - "POST /api/v1/collections/ec9fd0bb-8f42-4d63-8a50-8685df9d0653/upsert HTTP/1.1" 200
[32mINFO[0m:     [14-10-2024 18:39:25] ::1:58621 - "POST /api/v1/collections/ec9fd0bb-8f42-4d63-8a50-8685df9d0653/query HTTP/1.1" 200
[32mINFO[0m:     [14-10-2024 18:39:27] ::1:58621 - "POST /api/v1/collections/ec9fd0bb-8f42-4d63-8a50-8685df9d0653/query HTTP/1.1" 200
[32mINFO[0m:     [14-10-2024 18:39:31] ::1:58621 - "POST /api/v1/collections/ec9fd0bb-8f42-4d63-8a50-8685df9d0653/query HTTP/1.1" 200
[32mINFO[0m:     [14-10-2024 18:40:41] ::1:58673 - "GET /api/v1/tenants/default_tenant HTTP/1.1" 200
[32mINFO[0m:     [14-10-2024 18:40:41] ::1:58674 - "GET /api/v1/databases/default_database?tenant=default_tenant HTTP/1.1" 200
[36mDEBUG[0m:    [14-10-2024 18:40:41] Collection customer-support already exists, returning existing collection.
[32mINFO[0m:     [14-10-2024 18:40:41] ::1:58673 - "POST /api/v1/collections?tenant=default_tenant&database=default_database HTTP/1.1" 200
[32mINFO[0m:     [14-10-2024 18:40:41] ::1:58674 - "POST /api/v1/collections/ec9fd0bb-8f42-4d63-8a50-8685df9d0653/upsert HTTP/1.1" 200
[32mINFO[0m:     [14-10-2024 18:40:49] ::1:58680 - "POST /api/v1/collections/ec9fd0bb-8f42-4d63-8a50-8685df9d0653/query HTTP/1.1" 200
[32mINFO[0m:     [14-10-2024 18:41:00] ::1:58694 - "POST /api/v1/collections/ec9fd0bb-8f42-4d63-8a50-8685df9d0653/query HTTP/1.1" 200
[32mINFO[0m:     [14-10-2024 18:41:12] ::1:58702 - "POST /api/v1/collections/ec9fd0bb-8f42-4d63-8a50-8685df9d0653/query HTTP/1.1" 200
[32mINFO[0m:     [14-10-2024 18:41:26] ::1:58718 - "POST /api/v1/collections/ec9fd0bb-8f42-4d63-8a50-8685df9d0653/query HTTP/1.1" 200
[32mINFO[0m:     [14-10-2024 18:41:47] ::1:58732 - "POST /api/v1/collections/ec9fd0bb-8f42-4d63-8a50-8685df9d0653/query HTTP/1.1" 200
[32mINFO[0m:     [14-10-2024 18:42:01] Shutting down
[32mINFO[0m:     [14-10-2024 18:42:01] Waiting for application shutdown.
[36mDEBUG[0m:    [14-10-2024 18:42:01] Stopping component System
[36mDEBUG[0m:    [14-10-2024 18:42:01] Stopping component SegmentAPI
[36mDEBUG[0m:    [14-10-2024 18:42:01] Stopping component PersistentLocalHnswSegment
[36mDEBUG[0m:    [14-10-2024 18:42:01] Stopping component LocalSegmentManager
[36mDEBUG[0m:    [14-10-2024 18:42:01] Stopping component SimpleRateLimitEnforcer
[36mDEBUG[0m:    [14-10-2024 18:42:01] Stopping component Posthog
[36mDEBUG[0m:    [14-10-2024 18:42:01] Stopping component QuotaEnforcer
[36mDEBUG[0m:    [14-10-2024 18:42:01] Stopping component SqliteDB
[36mDEBUG[0m:    [14-10-2024 18:42:01] Stopping component OpenTelemetryClient
[32mINFO[0m:     [14-10-2024 18:42:01] Application shutdown complete.
[32mINFO[0m:     [14-10-2024 18:42:01] Finished server process [[36m11741[0m]
[32mINFO[0m:     [14-10-2024 18:45:33] Set chroma_server_nofile to 65535
[32mINFO[0m:     [14-10-2024 18:45:34] Anonymized telemetry enabled. See                     https://docs.trychroma.com/telemetry for more information.
[36mDEBUG[0m:    [14-10-2024 18:45:34] Starting component System
[36mDEBUG[0m:    [14-10-2024 18:45:34] Starting component OpenTelemetryClient
[36mDEBUG[0m:    [14-10-2024 18:45:34] Starting component SqliteDB
[36mDEBUG[0m:    [14-10-2024 18:45:34] Starting component QuotaEnforcer
[36mDEBUG[0m:    [14-10-2024 18:45:34] Starting component Posthog
[36mDEBUG[0m:    [14-10-2024 18:45:34] Starting component SimpleRateLimitEnforcer
[36mDEBUG[0m:    [14-10-2024 18:45:34] Starting component LocalSegmentManager
[36mDEBUG[0m:    [14-10-2024 18:45:34] Starting component SegmentAPI
[32mINFO[0m:     [14-10-2024 18:45:34] Started server process [[36m12468[0m]
[32mINFO[0m:     [14-10-2024 18:45:34] Waiting for application startup.
[32mINFO[0m:     [14-10-2024 18:45:34] Application startup complete.
[32mINFO[0m:     [14-10-2024 18:45:34] Uvicorn running on [1mhttp://localhost:8000[0m (Press CTRL+C to quit)
[32mINFO[0m:     [14-10-2024 18:45:39] ::1:58855 - "GET /api/v1/tenants/default_tenant HTTP/1.1" 200
[32mINFO[0m:     [14-10-2024 18:45:39] ::1:58856 - "GET /api/v1/databases/default_database?tenant=default_tenant HTTP/1.1" 200
[36mDEBUG[0m:    [14-10-2024 18:45:39] Collection customer-support already exists, returning existing collection.
[32mINFO[0m:     [14-10-2024 18:45:39] ::1:58855 - "POST /api/v1/collections?tenant=default_tenant&database=default_database HTTP/1.1" 200
[36mDEBUG[0m:    [14-10-2024 18:45:39] Starting component PersistentLocalHnswSegment
[32mINFO[0m:     [14-10-2024 18:45:39] ::1:58856 - "POST /api/v1/collections/ec9fd0bb-8f42-4d63-8a50-8685df9d0653/upsert HTTP/1.1" 200
[32mINFO[0m:     [14-10-2024 18:46:36] ::1:58882 - "GET /api/v1/tenants/default_tenant HTTP/1.1" 200
[32mINFO[0m:     [14-10-2024 18:46:36] ::1:58883 - "GET /api/v1/databases/default_database?tenant=default_tenant HTTP/1.1" 200
[36mDEBUG[0m:    [14-10-2024 18:46:36] Collection customer-support already exists, returning existing collection.
[32mINFO[0m:     [14-10-2024 18:46:36] ::1:58882 - "POST /api/v1/collections?tenant=default_tenant&database=default_database HTTP/1.1" 200
[32mINFO[0m:     [14-10-2024 18:46:36] ::1:58883 - "POST /api/v1/collections/ec9fd0bb-8f42-4d63-8a50-8685df9d0653/upsert HTTP/1.1" 200
[32mINFO[0m:     [14-10-2024 18:48:50] Shutting down
[32mINFO[0m:     [14-10-2024 18:48:50] Finished server process [[36m12468[0m]
[36mDEBUG[0m:    [14-10-2024 18:48:50] Stopping component System
[36mDEBUG[0m:    [14-10-2024 18:48:50] Stopping component SegmentAPI
[36mDEBUG[0m:    [14-10-2024 18:48:50] Stopping component PersistentLocalHnswSegment
[36mDEBUG[0m:    [14-10-2024 18:48:50] Stopping component LocalSegmentManager
[36mDEBUG[0m:    [14-10-2024 18:48:50] Stopping component SimpleRateLimitEnforcer
[36mDEBUG[0m:    [14-10-2024 18:48:50] Stopping component Posthog
[36mDEBUG[0m:    [14-10-2024 18:48:50] Stopping component QuotaEnforcer
[36mDEBUG[0m:    [14-10-2024 18:48:50] Stopping component SqliteDB
[36mDEBUG[0m:    [14-10-2024 18:48:50] Stopping component OpenTelemetryClient
[31mERROR[0m:    [14-10-2024 18:48:50] Traceback (most recent call last):
  File "/opt/homebrew/Cellar/python@3.11/3.11.9/Frameworks/Python.framework/Versions/3.11/lib/python3.11/asyncio/runners.py", line 190, in run
    return runner.run(main)
           ^^^^^^^^^^^^^^^^
  File "/opt/homebrew/Cellar/python@3.11/3.11.9/Frameworks/Python.framework/Versions/3.11/lib/python3.11/asyncio/runners.py", line 118, in run
    return self._loop.run_until_complete(task)
           ^^^^^^^^^^^^^^^^^^^^^^^^^^^^^^^^^^^
  File "uvloop/loop.pyx", line 1511, in uvloop.loop.Loop.run_until_complete
  File "uvloop/loop.pyx", line 1504, in uvloop.loop.Loop.run_until_complete
  File "uvloop/loop.pyx", line 1377, in uvloop.loop.Loop.run_forever
  File "uvloop/loop.pyx", line 555, in uvloop.loop.Loop._run
  File "uvloop/loop.pyx", line 474, in uvloop.loop.Loop._on_idle
  File "uvloop/cbhandles.pyx", line 83, in uvloop.loop.Handle._run
  File "uvloop/cbhandles.pyx", line 63, in uvloop.loop.Handle._run
  File "/opt/homebrew/lib/python3.11/site-packages/uvicorn/server.py", line 68, in serve
    with self.capture_signals():
  File "/opt/homebrew/Cellar/python@3.11/3.11.9/Frameworks/Python.framework/Versions/3.11/lib/python3.11/contextlib.py", line 144, in __exit__
    next(self.gen)
  File "/opt/homebrew/lib/python3.11/site-packages/uvicorn/server.py", line 328, in capture_signals
    signal.raise_signal(captured_signal)
  File "/opt/homebrew/Cellar/python@3.11/3.11.9/Frameworks/Python.framework/Versions/3.11/lib/python3.11/asyncio/runners.py", line 157, in _on_sigint
    raise KeyboardInterrupt()
KeyboardInterrupt

During handling of the above exception, another exception occurred:

Traceback (most recent call last):
  File "/opt/homebrew/lib/python3.11/site-packages/starlette/routing.py", line 700, in lifespan
    await receive()
  File "/opt/homebrew/lib/python3.11/site-packages/uvicorn/lifespan/on.py", line 137, in receive
    return await self.receive_queue.get()
           ^^^^^^^^^^^^^^^^^^^^^^^^^^^^^^
  File "/opt/homebrew/Cellar/python@3.11/3.11.9/Frameworks/Python.framework/Versions/3.11/lib/python3.11/asyncio/queues.py", line 158, in get
    await getter
asyncio.exceptions.CancelledError

